14:40:51 **** Incremental Build of configuration Debug for project 2.2_SetOfMeasurementValues ****
Info: Internal Builder is used for build
g++ -std=c++1y -O0 -g3 -Wall -c -fmessage-length=0 -Wall -Werror=return-type -o "myCode\\CSetOfMeasurementValues.o" "..\\myCode\\CSetOfMeasurementValues.cpp" 
g++ -o 2.2_SetOfMeasurementValues.exe "myCode\\CSetOfMeasurementValues.o" "myCode\\main.o" 
15:02:30 **** Incremental Build of configuration Debug for project 2.2_SetOfMeasurementValues ****
Info: Internal Builder is used for build
g++ -std=c++1y -O0 -g3 -Wall -c -fmessage-length=0 -Wall -Werror=return-type -o "myCode\\main.o" "..\\myCode\\main.cpp" 
g++ -std=c++1y -O0 -g3 -Wall -c -fmessage-length=0 -Wall -Werror=return-type -o "myCode\\CSetOfMeasurementValues.o" "..\\myCode\\CSetOfMeasurementValues.cpp" 
In file included from C:/Program Files/GIT/eclipse/mingw/mingw64/include/c++/13.2.0/bits/stl_algobase.h:71,
                 from C:/Program Files/GIT/eclipse/mingw/mingw64/include/c++/13.2.0/string:51,
                 from C:/Program Files/GIT/eclipse/mingw/mingw64/include/c++/13.2.0/bits/locale_classes.h:40,
                 from C:/Program Files/GIT/eclipse/mingw/mingw64/include/c++/13.2.0/bits/ios_base.h:41,
                 from C:/Program Files/GIT/eclipse/mingw/mingw64/include/c++/13.2.0/ios:44,
                 from C:/Program Files/GIT/eclipse/mingw/mingw64/include/c++/13.2.0/ostream:40,
                 from C:/Program Files/GIT/eclipse/mingw/mingw64/include/c++/13.2.0/iostream:41,
                 from ..\myCode\CSetOfMeasurementValues.h:11,
                 from ..\myCode\CSetOfMeasurementValues.cpp:8:
C:/Program Files/GIT/eclipse/mingw/mingw64/include/c++/13.2.0/bits/predefined_ops.h: In instantiation of 'constexpr bool __gnu_cxx::__ops::_Iter_less_iter::operator()(_Iterator1, _Iterator2) const [with _Iterator1 = double; _Iterator2 = double]':
C:/Program Files/GIT/eclipse/mingw/mingw64/include/c++/13.2.0/bits/stl_algo.h:5651:12:   required from 'constexpr _ForwardIterator std::__min_element(_ForwardIterator, _ForwardIterator, _Compare) [with _ForwardIterator = double; _Compare = __gnu_cxx::__ops::_Iter_less_iter]'
C:/Program Files/GIT/eclipse/mingw/mingw64/include/c++/13.2.0/bits/stl_algo.h:5675:43:   required from 'constexpr _FIter std::min_element(_FIter, _FIter) [with _FIter = double]'
..\myCode\CSetOfMeasurementValues.cpp:77:27:   required from here
C:/Program Files/GIT/eclipse/mingw/mingw64/include/c++/13.2.0/bits/predefined_ops.h:45:16: error: invalid type argument of unary '*' (have 'double')
   45 |       { return *__it1 < *__it2; }
      |                ^~~~~~
C:/Program Files/GIT/eclipse/mingw/mingw64/include/c++/13.2.0/bits/predefined_ops.h:45:25: error: invalid type argument of unary '*' (have 'double')
   45 |       { return *__it1 < *__it2; }
      |                         ^~~~~~
15:03:02 **** Incremental Build of configuration Debug for project 2.2_SetOfMeasurementValues ****
Info: Internal Builder is used for build
g++ -std=c++1y -O0 -g3 -Wall -c -fmessage-length=0 -Wall -Werror=return-type -o "myCode\\CSetOfMeasurementValues.o" "..\\myCode\\CSetOfMeasurementValues.cpp" 
In file included from C:/Program Files/GIT/eclipse/mingw/mingw64/include/c++/13.2.0/bits/stl_algobase.h:71,
                 from C:/Program Files/GIT/eclipse/mingw/mingw64/include/c++/13.2.0/string:51,
                 from C:/Program Files/GIT/eclipse/mingw/mingw64/include/c++/13.2.0/bits/locale_classes.h:40,
                 from C:/Program Files/GIT/eclipse/mingw/mingw64/include/c++/13.2.0/bits/ios_base.h:41,
                 from C:/Program Files/GIT/eclipse/mingw/mingw64/include/c++/13.2.0/ios:44,
                 from C:/Program Files/GIT/eclipse/mingw/mingw64/include/c++/13.2.0/ostream:40,
                 from C:/Program Files/GIT/eclipse/mingw/mingw64/include/c++/13.2.0/iostream:41,
                 from ..\myCode\CSetOfMeasurementValues.h:11,
                 from ..\myCode\CSetOfMeasurementValues.cpp:8:
C:/Program Files/GIT/eclipse/mingw/mingw64/include/c++/13.2.0/bits/predefined_ops.h: In instantiation of 'constexpr bool __gnu_cxx::__ops::_Iter_less_iter::operator()(_Iterator1, _Iterator2) const [with _Iterator1 = double; _Iterator2 = double]':
C:/Program Files/GIT/eclipse/mingw/mingw64/include/c++/13.2.0/bits/stl_algo.h:5651:12:   required from 'constexpr _ForwardIterator std::__min_element(_ForwardIterator, _ForwardIterator, _Compare) [with _ForwardIterator = double; _Compare = __gnu_cxx::__ops::_Iter_less_iter]'
C:/Program Files/GIT/eclipse/mingw/mingw64/include/c++/13.2.0/bits/stl_algo.h:5675:43:   required from 'constexpr _FIter std::min_element(_FIter, _FIter) [with _FIter = double]'
..\myCode\CSetOfMeasurementValues.cpp:77:27:   required from here
C:/Program Files/GIT/eclipse/mingw/mingw64/include/c++/13.2.0/bits/predefined_ops.h:45:16: error: invalid type argument of unary '*' (have 'double')
   45 |       { return *__it1 < *__it2; }
      |                ^~~~~~
C:/Program Files/GIT/eclipse/mingw/mingw64/include/c++/13.2.0/bits/predefined_ops.h:45:25: error: invalid type argument of unary '*' (have 'double')
   45 |       { return *__it1 < *__it2; }
      |                         ^~~~~~
..\myCode\CSetOfMeasurementValues.cpp: In member function 'double CSetOfMeasurementValues::getMin() const':
..\myCode\CSetOfMeasurementValues.cpp:81:1: error: control reaches end of non-void function [-Werror=return-type]
   81 | }
      | ^
cc1plus.exe: some warnings being treated as errors
15:05:42 **** Incremental Build of configuration Debug for project 2.2_SetOfMeasurementValues ****
Info: Internal Builder is used for build
g++ -std=c++1y -O0 -g3 -Wall -c -fmessage-length=0 -Wall -Werror=return-type -o "myCode\\CSetOfMeasurementValues.o" "..\\myCode\\CSetOfMeasurementValues.cpp" 
g++ -o 2.2_SetOfMeasurementValues.exe "myCode\\CSetOfMeasurementValues.o" "myCode\\main.o" 
15:06:34 **** Incremental Build of configuration Debug for project 2.2_SetOfMeasurementValues ****
Info: Internal Builder is used for build
g++ -std=c++1y -O0 -g3 -Wall -c -fmessage-length=0 -Wall -Werror=return-type -o "myCode\\CSetOfMeasurementValues.o" "..\\myCode\\CSetOfMeasurementValues.cpp" 
g++ -o 2.2_SetOfMeasurementValues.exe "myCode\\CSetOfMeasurementValues.o" "myCode\\main.o" 
15:36:18 **** Incremental Build of configuration Debug for project 2.2_SetOfMeasurementValues ****
Info: Internal Builder is used for build
g++ -std=c++1y -O0 -g3 -Wall -c -fmessage-length=0 -Wall -Werror=return-type -o "myCode\\CSetOfMeasurementValues.o" "..\\myCode\\CSetOfMeasurementValues.cpp" 
g++ -std=c++1y -O0 -g3 -Wall -c -fmessage-length=0 -Wall -Werror=return-type -o "myCode\\main.o" "..\\myCode\\main.cpp" 
g++ -o 2.2_SetOfMeasurementValues.exe "myCode\\CSetOfMeasurementValues.o" "myCode\\main.o" 
Info: Nothing to build for 2.2_SetOfMeasurementValues
15:38:00 **** Incremental Build of configuration Debug for project 2.2_SetOfMeasurementValues ****
Info: Internal Builder is used for build
g++ -std=c++1y -O0 -g3 -Wall -c -fmessage-length=0 -Wall -Werror=return-type -o "myCode\\CSetOfMeasurementValues.o" "..\\myCode\\CSetOfMeasurementValues.cpp" 
g++ -o 2.2_SetOfMeasurementValues.exe "myCode\\CSetOfMeasurementValues.o" "myCode\\main.o" 
Info: Nothing to build for 2.2_SetOfMeasurementValues
15:38:27 **** Incremental Build of configuration Debug for project 2.2_SetOfMeasurementValues ****
Info: Internal Builder is used for build
g++ -std=c++1y -O0 -g3 -Wall -c -fmessage-length=0 -Wall -Werror=return-type -o "myCode\\CSetOfMeasurementValues.o" "..\\myCode\\CSetOfMeasurementValues.cpp" 
g++ -o 2.2_SetOfMeasurementValues.exe "myCode\\CSetOfMeasurementValues.o" "myCode\\main.o" 
Info: Nothing to build for 2.2_SetOfMeasurementValues
15:44:03 **** Incremental Build of configuration Debug for project 2.2_SetOfMeasurementValues ****
Info: Internal Builder is used for build
g++ -std=c++1y -O0 -g3 -Wall -c -fmessage-length=0 -Wall -Werror=return-type -o "myCode\\CSetOfMeasurementValues.o" "..\\myCode\\CSetOfMeasurementValues.cpp" 
g++ -o 2.2_SetOfMeasurementValues.exe "myCode\\CSetOfMeasurementValues.o" "myCode\\main.o" 
Info: Nothing to build for 2.2_SetOfMeasurementValues
15:46:44 **** Incremental Build of configuration Debug for project 2.2_SetOfMeasurementValues ****
Info: Internal Builder is used for build
g++ -std=c++1y -O0 -g3 -Wall -c -fmessage-length=0 -Wall -Werror=return-type -o "myCode\\CSetOfMeasurementValues.o" "..\\myCode\\CSetOfMeasurementValues.cpp" 
..\myCode\CSetOfMeasurementValues.cpp:109:8: error: redefinition of 'double CSetOfMeasurementValues::getMax() const'
  109 | double CSetOfMeasurementValues::getMax() const
      |        ^~~~~~~~~~~~~~~~~~~~~~~
..\myCode\CSetOfMeasurementValues.cpp:89:8: note: 'double CSetOfMeasurementValues::getMax() const' previously defined here
   89 | double CSetOfMeasurementValues::getMax() const
      |        ^~~~~~~~~~~~~~~~~~~~~~~
15:46:45 **** Incremental Build of configuration Debug for project 2.2_SetOfMeasurementValues ****
Info: Internal Builder is used for build
g++ -std=c++1y -O0 -g3 -Wall -c -fmessage-length=0 -Wall -Werror=return-type -o "myCode\\CSetOfMeasurementValues.o" "..\\myCode\\CSetOfMeasurementValues.cpp" 
..\myCode\CSetOfMeasurementValues.cpp:109:8: error: redefinition of 'double CSetOfMeasurementValues::getMax() const'
  109 | double CSetOfMeasurementValues::getMax() const
      |        ^~~~~~~~~~~~~~~~~~~~~~~
..\myCode\CSetOfMeasurementValues.cpp:89:8: note: 'double CSetOfMeasurementValues::getMax() const' previously defined here
   89 | double CSetOfMeasurementValues::getMax() const
      |        ^~~~~~~~~~~~~~~~~~~~~~~
15:47:11 **** Incremental Build of configuration Debug for project 2.2_SetOfMeasurementValues ****
Info: Internal Builder is used for build
g++ -std=c++1y -O0 -g3 -Wall -c -fmessage-length=0 -Wall -Werror=return-type -o "myCode\\CSetOfMeasurementValues.o" "..\\myCode\\CSetOfMeasurementValues.cpp" 
..\myCode\CSetOfMeasurementValues.cpp: In member function 'double CSetOfMeasurementValues::getMax() const':
..\myCode\CSetOfMeasurementValues.cpp:92:28: error: 'numeric_limits' is not a member of 'std'
   92 |     double maxValue = std::numeric_limits<double>::lowest();
      |                            ^~~~~~~~~~~~~~
..\myCode\CSetOfMeasurementValues.cpp:92:43: error: expected primary-expression before 'double'
   92 |     double maxValue = std::numeric_limits<double>::lowest();
      |                                           ^~~~~~
..\myCode\CSetOfMeasurementValues.cpp:103:26: error: 'numeric_limits' is not a member of 'std'
  103 |     if (maxValue == std::numeric_limits<double>::lowest())
      |                          ^~~~~~~~~~~~~~
..\myCode\CSetOfMeasurementValues.cpp:103:41: error: expected primary-expression before 'double'
  103 |     if (maxValue == std::numeric_limits<double>::lowest())
      |                                         ^~~~~~
..\myCode\CSetOfMeasurementValues.cpp:103:41: error: expected ')' before 'double'
  103 |     if (maxValue == std::numeric_limits<double>::lowest())
      |        ~                                ^~~~~~
      |                                         )
15:47:28 **** Incremental Build of configuration Debug for project 2.2_SetOfMeasurementValues ****
Info: Internal Builder is used for build
g++ -std=c++1y -O0 -g3 -Wall -c -fmessage-length=0 -Wall -Werror=return-type -o "myCode\\CSetOfMeasurementValues.o" "..\\myCode\\CSetOfMeasurementValues.cpp" 
..\myCode\CSetOfMeasurementValues.cpp: In member function 'double CSetOfMeasurementValues::getMax() const':
..\myCode\CSetOfMeasurementValues.cpp:92:28: error: 'numeric_limits' is not a member of 'std'
   92 |     double maxValue = std::numeric_limits<double>::lowest();
      |                            ^~~~~~~~~~~~~~
..\myCode\CSetOfMeasurementValues.cpp:92:43: error: expected primary-expression before 'double'
   92 |     double maxValue = std::numeric_limits<double>::lowest();
      |                                           ^~~~~~
..\myCode\CSetOfMeasurementValues.cpp:103:26: error: 'numeric_limits' is not a member of 'std'
  103 |     if (maxValue == std::numeric_limits<double>::lowest())
      |                          ^~~~~~~~~~~~~~
..\myCode\CSetOfMeasurementValues.cpp:103:41: error: expected primary-expression before 'double'
  103 |     if (maxValue == std::numeric_limits<double>::lowest())
      |                                         ^~~~~~
..\myCode\CSetOfMeasurementValues.cpp:103:41: error: expected ')' before 'double'
  103 |     if (maxValue == std::numeric_limits<double>::lowest())
      |        ~                                ^~~~~~
      |                                         )
15:47:42 **** Incremental Build of configuration Debug for project 2.2_SetOfMeasurementValues ****
Info: Internal Builder is used for build
g++ -std=c++1y -O0 -g3 -Wall -c -fmessage-length=0 -Wall -Werror=return-type -o "myCode\\CSetOfMeasurementValues.o" "..\\myCode\\CSetOfMeasurementValues.cpp" 
..\myCode\CSetOfMeasurementValues.cpp: In member function 'double CSetOfMeasurementValues::getMax() const':
..\myCode\CSetOfMeasurementValues.cpp:92:28: error: 'numeric_limits' is not a member of 'std'
   92 |     double maxValue = std::numeric_limits<double>::lowest();
      |                            ^~~~~~~~~~~~~~
..\myCode\CSetOfMeasurementValues.cpp:92:43: error: expected primary-expression before 'double'
   92 |     double maxValue = std::numeric_limits<double>::lowest();
      |                                           ^~~~~~
..\myCode\CSetOfMeasurementValues.cpp:103:26: error: 'numeric_limits' is not a member of 'std'
  103 |     if (maxValue == std::numeric_limits<double>::lowest())
      |                          ^~~~~~~~~~~~~~
..\myCode\CSetOfMeasurementValues.cpp:103:41: error: expected primary-expression before 'double'
  103 |     if (maxValue == std::numeric_limits<double>::lowest())
      |                                         ^~~~~~
..\myCode\CSetOfMeasurementValues.cpp:103:41: error: expected ')' before 'double'
  103 |     if (maxValue == std::numeric_limits<double>::lowest())
      |        ~                                ^~~~~~
      |                                         )
15:48:33 **** Incremental Build of configuration Debug for project 2.2_SetOfMeasurementValues ****
Info: Internal Builder is used for build
g++ -std=c++1y -O0 -g3 -Wall -c -fmessage-length=0 -Wall -Werror=return-type -o "myCode\\CSetOfMeasurementValues.o" "..\\myCode\\CSetOfMeasurementValues.cpp" 
g++ -std=c++1y -O0 -g3 -Wall -c -fmessage-length=0 -Wall -Werror=return-type -o "myCode\\main.o" "..\\myCode\\main.cpp" 
g++ -o 2.2_SetOfMeasurementValues.exe "myCode\\CSetOfMeasurementValues.o" "myCode\\main.o" 
Info: Nothing to build for 2.2_SetOfMeasurementValues
15:49:47 **** Incremental Build of configuration Debug for project 2.2_SetOfMeasurementValues ****
Info: Internal Builder is used for build
g++ -std=c++1y -O0 -g3 -Wall -c -fmessage-length=0 -Wall -Werror=return-type -o "myCode\\main.o" "..\\myCode\\main.cpp" 
..\myCode\main.cpp: In function 'int main()':
..\myCode\main.cpp:18:41: error: 'void CSetOfMeasurementValues::printSingleValue(unsigned int) const' is private within this context
   18 |         myVoltageValues.printSingleValue(77);
      |         ~~~~~~~~~~~~~~~~~~~~~~~~~~~~~~~~^~~~
In file included from ..\myCode\main.cpp:3:
..\myCode\CSetOfMeasurementValues.h:50:14: note: declared private here
   50 |         void printSingleValue(unsigned int pos) const;
      |              ^~~~~~~~~~~~~~~~
15:49:48 **** Incremental Build of configuration Debug for project 2.2_SetOfMeasurementValues ****
Info: Internal Builder is used for build
g++ -std=c++1y -O0 -g3 -Wall -c -fmessage-length=0 -Wall -Werror=return-type -o "myCode\\main.o" "..\\myCode\\main.cpp" 
..\myCode\main.cpp: In function 'int main()':
..\myCode\main.cpp:18:41: error: 'void CSetOfMeasurementValues::printSingleValue(unsigned int) const' is private within this context
   18 |         myVoltageValues.printSingleValue(77);
      |         ~~~~~~~~~~~~~~~~~~~~~~~~~~~~~~~~^~~~
In file included from ..\myCode\main.cpp:3:
..\myCode\CSetOfMeasurementValues.h:50:14: note: declared private here
   50 |         void printSingleValue(unsigned int pos) const;
      |              ^~~~~~~~~~~~~~~~
15:50:03 **** Incremental Build of configuration Debug for project 2.2_SetOfMeasurementValues ****
Info: Internal Builder is used for build
g++ -std=c++1y -O0 -g3 -Wall -c -fmessage-length=0 -Wall -Werror=return-type -o "myCode\\main.o" "..\\myCode\\main.cpp" 
..\myCode\main.cpp: In function 'int main()':
..\myCode\main.cpp:18:37: error: expected ';' before 'return'
   18 |         myVoltageValues.getValue(77)
      |                                     ^
      |                                     ;
......
   21 |         return 0;
      |         ~~~~~~                       
15:50:04 **** Incremental Build of configuration Debug for project 2.2_SetOfMeasurementValues ****
Info: Internal Builder is used for build
g++ -std=c++1y -O0 -g3 -Wall -c -fmessage-length=0 -Wall -Werror=return-type -o "myCode\\main.o" "..\\myCode\\main.cpp" 
..\myCode\main.cpp: In function 'int main()':
..\myCode\main.cpp:18:37: error: expected ';' before 'return'
   18 |         myVoltageValues.getValue(77)
      |                                     ^
      |                                     ;
......
   21 |         return 0;
      |         ~~~~~~                       
15:50:09 **** Incremental Build of configuration Debug for project 2.2_SetOfMeasurementValues ****
Info: Internal Builder is used for build
g++ -std=c++1y -O0 -g3 -Wall -c -fmessage-length=0 -Wall -Werror=return-type -o "myCode\\main.o" "..\\myCode\\main.cpp" 
g++ -o 2.2_SetOfMeasurementValues.exe "myCode\\CSetOfMeasurementValues.o" "myCode\\main.o" 
Info: Nothing to build for 2.2_SetOfMeasurementValues
15:51:46 **** Incremental Build of configuration Debug for project 2.2_SetOfMeasurementValues ****
Info: Internal Builder is used for build
g++ -std=c++1y -O0 -g3 -Wall -c -fmessage-length=0 -Wall -Werror=return-type -o "myCode\\CSetOfMeasurementValues.o" "..\\myCode\\CSetOfMeasurementValues.cpp" 
g++ -o 2.2_SetOfMeasurementValues.exe "myCode\\CSetOfMeasurementValues.o" "myCode\\main.o" 
Info: Nothing to build for 2.2_SetOfMeasurementValues
15:52:19 **** Incremental Build of configuration Debug for project 2.2_SetOfMeasurementValues ****
Info: Internal Builder is used for build
g++ -std=c++1y -O0 -g3 -Wall -c -fmessage-length=0 -Wall -Werror=return-type -o "myCode\\CSetOfMeasurementValues.o" "..\\myCode\\CSetOfMeasurementValues.cpp" 
g++ -o 2.2_SetOfMeasurementValues.exe "myCode\\CSetOfMeasurementValues.o" "myCode\\main.o" 
Info: Nothing to build for 2.2_SetOfMeasurementValues
15:56:05 **** Incremental Build of configuration Debug for project 2.2_SetOfMeasurementValues ****
Info: Internal Builder is used for build
g++ -std=c++1y -O0 -g3 -Wall -c -fmessage-length=0 -Wall -Werror=return-type -o "myCode\\CSetOfMeasurementValues.o" "..\\myCode\\CSetOfMeasurementValues.cpp" 
g++ -o 2.2_SetOfMeasurementValues.exe "myCode\\CSetOfMeasurementValues.o" "myCode\\main.o" 
Info: Nothing to build for 2.2_SetOfMeasurementValues
16:04:39 **** Incremental Build of configuration Debug for project 2.2_SetOfMeasurementValues ****
Info: Internal Builder is used for build
g++ -std=c++1y -O0 -g3 -Wall -c -fmessage-length=0 -Wall -Werror=return-type -o "myCode\\main.o" "..\\myCode\\main.cpp" 
g++ -std=c++1y -O0 -g3 -Wall -c -fmessage-length=0 -Wall -Werror=return-type -o "myCode\\CSetOfMeasurementValues.o" "..\\myCode\\CSetOfMeasurementValues.cpp" 
g++ -o 2.2_SetOfMeasurementValues.exe "myCode\\CSetOfMeasurementValues.o" "myCode\\main.o" 
Info: Nothing to build for 2.2_SetOfMeasurementValues
16:05:46 **** Incremental Build of configuration Debug for project 2.2_SetOfMeasurementValues ****
Info: Internal Builder is used for build
g++ -std=c++1y -O0 -g3 -Wall -c -fmessage-length=0 -Wall -Werror=return-type -o "myCode\\main.o" "..\\myCode\\main.cpp" 
g++ -o 2.2_SetOfMeasurementValues.exe "myCode\\CSetOfMeasurementValues.o" "myCode\\main.o" 
Info: Nothing to build for 2.2_SetOfMeasurementValues
